<?xml version="1.0" encoding="UTF-8"?>
<testng-results skipped="0" failed="0" ignored="0" total="2" passed="2">
  <reporter-output>
    <line>
      <![CDATA[log sucessfully executed]]>
    </line>
    <line>
      <![CDATA[<a href="C:\Users\NipunSharma\Pictures\albums\april2016\img006_26628216905_o.jpg">Screenshot</a>]]>
    </line>
  </reporter-output>
  <suite name="Data Driven Suite" duration-ms="5175" started-at="2019-02-01T02:55:00Z" finished-at="2019-02-01T02:55:06Z">
    <groups>
    </groups>
    <test name="Bank Manager Login Test" duration-ms="3372" started-at="2019-02-01T02:55:00Z" finished-at="2019-02-01T02:55:04Z">
      <class name="com.w2a.testcases.BankManagerLoginTest">
        <test-method status="PASS" signature="loginAsbankManager()[pri:0, instance:com.w2a.testcases.BankManagerLoginTest@2177849e]" name="loginAsbankManager" duration-ms="3240" started-at="2019-01-31T21:55:01Z" finished-at="2019-01-31T21:55:04Z">
          <reporter-output>
            <line>
              <![CDATA[log sucessfully executed]]>
            </line>
            <line>
              <![CDATA[<a href="C:\Users\NipunSharma\Pictures\albums\april2016\img006_26628216905_o.jpg">Screenshot</a>]]>
            </line>
          </reporter-output>
        </test-method> <!-- loginAsbankManager -->
      </class> <!-- com.w2a.testcases.BankManagerLoginTest -->
    </test> <!-- Bank Manager Login Test -->
    <test name="Add customer test" duration-ms="1760" started-at="2019-02-01T02:55:04Z" finished-at="2019-02-01T02:55:06Z">
      <class name="com.w2a.testcases.AddCustomerTest">
        <test-method status="PASS" signature="setUp()[pri:0, instance:com.w2a.testcases.AddCustomerTest@3e6ef8ad]" name="setUp" is-config="true" duration-ms="8062" started-at="2019-01-31T21:54:52Z" finished-at="2019-01-31T21:55:00Z">
          <reporter-output>
          </reporter-output>
        </test-method> <!-- setUp -->
        <test-method status="PASS" signature="addCustomer(java.lang.String, java.lang.String, java.lang.String, java.lang.String)[pri:0, instance:com.w2a.testcases.AddCustomerTest@3e6ef8ad]" name="addCustomer" duration-ms="1732" started-at="2019-01-31T21:55:04Z" data-provider="getData" finished-at="2019-01-31T21:55:06Z">
          <params>
            <param index="0">
              <value>
                <![CDATA[helloe]]>
              </value>
            </param>
            <param index="1">
              <value>
                <![CDATA[there ]]>
              </value>
            </param>
            <param index="2">
              <value>
                <![CDATA[ewf23]]>
              </value>
            </param>
            <param index="3">
              <value>
                <![CDATA[Customer added successfully]]>
              </value>
            </param>
          </params>
          <reporter-output>
          </reporter-output>
        </test-method> <!-- addCustomer -->
        <test-method status="PASS" signature="tearDown()[pri:0, instance:com.w2a.testcases.AddCustomerTest@3e6ef8ad]" name="tearDown" is-config="true" duration-ms="1442" started-at="2019-01-31T21:55:06Z" finished-at="2019-01-31T21:55:07Z">
          <reporter-output>
          </reporter-output>
        </test-method> <!-- tearDown -->
      </class> <!-- com.w2a.testcases.AddCustomerTest -->
    </test> <!-- Add customer test -->
  </suite> <!-- Data Driven Suite -->
</testng-results>
